# JRE version: OpenJDK Runtime Environment (8.0_152-b02) (build 1.8.0_152-release-1024-b02)
# Java VM: OpenJDK 64-Bit Server VM (25.152-b02 mixed mode windows-amd64 compressed oops)
Heap:
 PSYoungGen      total 463360K, used 423017K [0x00000000e0000000, 0x00000000ffb00000, 0x0000000100000000)
  eden space 453632K, 91% used [0x00000000e0000000,0x00000000f93ba270,0x00000000fbb00000)
  from space 9728K, 98% used [0x00000000fbb00000,0x00000000fc4603d8,0x00000000fc480000)
  to   space 32768K, 0% used [0x00000000fdb00000,0x00000000fdb00000,0x00000000ffb00000)
 ParOldGen       total 117248K, used 85053K [0x00000000a0000000, 0x00000000a7280000, 0x00000000e0000000)
  object space 117248K, 72% used [0x00000000a0000000,0x00000000a530f760,0x00000000a7280000)
 Metaspace       used 92892K, capacity 97796K, committed 98136K, reserved 1134592K
  class space    used 11765K, capacity 12823K, committed 12928K, reserved 1048576K
GC Heap History (10 events):
Event: 294.109 GC heap before
{Heap before GC invocations=21 (full 4):
 PSYoungGen      total 393216K, used 26299K [0x00000000e0000000, 0x00000000fff80000, 0x0000000100000000)
  eden space 361472K, 0% used [0x00000000e0000000,0x00000000e0000000,0x00000000f6100000)
  from space 31744K, 82% used [0x00000000f6100000,0x00000000f7aaef28,0x00000000f8000000)
  to   space 35328K, 0% used [0x00000000fdd00000,0x00000000fdd00000,0x00000000fff80000)
 ParOldGen       total 78848K, used 73207K [0x00000000a0000000, 0x00000000a4d00000, 0x00000000e0000000)
  object space 78848K, 92% used [0x00000000a0000000,0x00000000a477df88,0x00000000a4d00000)
 Metaspace       used 75626K, capacity 78430K, committed 78552K, reserved 1118208K
  class space    used 9801K, capacity 10378K, committed 10496K, reserved 1048576K
Event: 294.887 GC heap after
Heap after GC invocations=21 (full 4):
 PSYoungGen      total 393216K, used 0K [0x00000000e0000000, 0x00000000fff80000, 0x0000000100000000)
  eden space 361472K, 0% used [0x00000000e0000000,0x00000000e0000000,0x00000000f6100000)
  from space 31744K, 0% used [0x00000000f6100000,0x00000000f6100000,0x00000000f8000000)
  to   space 35328K, 0% used [0x00000000fdd00000,0x00000000fdd00000,0x00000000fff80000)
 ParOldGen       total 117248K, used 64416K [0x00000000a0000000, 0x00000000a7280000, 0x00000000e0000000)
  object space 117248K, 54% used [0x00000000a0000000,0x00000000a3ee8218,0x00000000a7280000)
 Metaspace       used 75537K, capacity 78192K, committed 78552K, reserved 1118208K
  class space    used 9770K, capacity 10323K, committed 10496K, reserved 1048576K
}
Event: 295.375 GC heap before
{Heap before GC invocations=22 (full 4):
 PSYoungGen      total 393216K, used 361028K [0x00000000e0000000, 0x00000000fff80000, 0x0000000100000000)
  eden space 361472K, 99% used [0x00000000e0000000,0x00000000f60911d0,0x00000000f6100000)
  from space 31744K, 0% used [0x00000000f6100000,0x00000000f6100000,0x00000000f8000000)
  to   space 35328K, 0% used [0x00000000fdd00000,0x00000000fdd00000,0x00000000fff80000)
 ParOldGen       total 117248K, used 64416K [0x00000000a0000000, 0x00000000a7280000, 0x00000000e0000000)
  object space 117248K, 54% used [0x00000000a0000000,0x00000000a3ee8218,0x00000000a7280000)
 Metaspace       used 75537K, capacity 78192K, committed 78552K, reserved 1118208K
  class space    used 9770K, capacity 10323K, committed 10496K, reserved 1048576K
Event: 295.389 GC heap after
Heap after GC invocations=22 (full 4):
 PSYoungGen      total 488448K, used 64K [0x00000000e0000000, 0x0000000100000000, 0x0000000100000000)
  eden space 453120K, 0% used [0x00000000e0000000,0x00000000e0000000,0x00000000fba80000)
  from space 35328K, 0% used [0x00000000fdd00000,0x00000000fdd10000,0x00000000fff80000)
  to   space 35328K, 0% used [0x00000000fba80000,0x00000000fba80000,0x00000000fdd00000)
 ParOldGen       total 117248K, used 64416K [0x00000000a0000000, 0x00000000a7280000, 0x00000000e0000000)
  object space 117248K, 54% used [0x00000000a0000000,0x00000000a3ee8218,0x00000000a7280000)
 Metaspace       used 75537K, capacity 78192K, committed 78552K, reserved 1118208K
  class space    used 9770K, capacity 10323K, committed 10496K, reserved 1048576K
}
Event: 1715.811 GC heap before
{Heap before GC invocations=23 (full 4):
 PSYoungGen      total 488448K, used 453184K [0x00000000e0000000, 0x0000000100000000, 0x0000000100000000)
  eden space 453120K, 100% used [0x00000000e0000000,0x00000000fba80000,0x00000000fba80000)
  from space 35328K, 0% used [0x00000000fdd00000,0x00000000fdd10000,0x00000000fff80000)
  to   space 35328K, 0% used [0x00000000fba80000,0x00000000fba80000,0x00000000fdd00000)
 ParOldGen       total 117248K, used 64416K [0x00000000a0000000, 0x00000000a7280000, 0x00000000e0000000)
  object space 117248K, 54% used [0x00000000a0000000,0x00000000a3ee8218,0x00000000a7280000)
 Metaspace       used 83827K, capacity 87084K, committed 87256K, reserved 1124352K
  class space    used 10728K, capacity 11449K, committed 11520K, reserved 1048576K
Event: 1716.366 GC heap after
Heap after GC invocations=23 (full 4):
 PSYoungGen      total 474112K, used 20818K [0x00000000e0000000, 0x0000000100000000, 0x0000000100000000)
  eden space 453120K, 0% used [0x00000000e0000000,0x00000000e0000000,0x00000000fba80000)
  from space 20992K, 99% used [0x00000000fba80000,0x00000000fced4908,0x00000000fcf00000)
  to   space 36352K, 0% used [0x00000000fdc80000,0x00000000fdc80000,0x0000000100000000)
 ParOldGen       total 117248K, used 64448K [0x00000000a0000000, 0x00000000a7280000, 0x00000000e0000000)
  object space 117248K, 54% used [0x00000000a0000000,0x00000000a3ef0218,0x00000000a7280000)
 Metaspace       used 83827K, capacity 87084K, committed 87256K, reserved 1124352K
  class space    used 10728K, capacity 11449K, committed 11520K, reserved 1048576K
}
Event: 4457.027 GC heap before
{Heap before GC invocations=24 (full 4):
 PSYoungGen      total 474112K, used 473938K [0x00000000e0000000, 0x0000000100000000, 0x0000000100000000)
  eden space 453120K, 100% used [0x00000000e0000000,0x00000000fba80000,0x00000000fba80000)
  from space 20992K, 99% used [0x00000000fba80000,0x00000000fced4908,0x00000000fcf00000)
  to   space 36352K, 0% used [0x00000000fdc80000,0x00000000fdc80000,0x0000000100000000)
 ParOldGen       total 117248K, used 64448K [0x00000000a0000000, 0x00000000a7280000, 0x00000000e0000000)
  object space 117248K, 54% used [0x00000000a0000000,0x00000000a3ef0218,0x00000000a7280000)
 Metaspace       used 89877K, capacity 93890K, committed 94040K, reserved 1130496K
  class space    used 11450K, capacity 12313K, committed 12416K, reserved 1048576K
Event: 4469.068 GC heap after
Heap after GC invocations=24 (full 4):
 PSYoungGen      total 489984K, used 13808K [0x00000000e0000000, 0x0000000100000000, 0x0000000100000000)
  eden space 453632K, 0% used [0x00000000e0000000,0x00000000e0000000,0x00000000fbb00000)
  from space 36352K, 37% used [0x00000000fdc80000,0x00000000fe9fc3f0,0x0000000100000000)
  to   space 34304K, 0% used [0x00000000fbb00000,0x00000000fbb00000,0x00000000fdc80000)
 ParOldGen       total 117248K, used 75388K [0x00000000a0000000, 0x00000000a7280000, 0x00000000e0000000)
  object space 117248K, 64% used [0x00000000a0000000,0x00000000a499f120,0x00000000a7280000)
 Metaspace       used 89877K, capacity 93890K, committed 94040K, reserved 1130496K
  class space    used 11450K, capacity 12313K, committed 12416K, reserved 1048576K
}
Event: 5122.213 GC heap before
{Heap before GC invocations=25 (full 4):
 PSYoungGen      total 489984K, used 466788K [0x00000000e0000000, 0x0000000100000000, 0x0000000100000000)
  eden space 453632K, 99% used [0x00000000e0000000,0x00000000fba5ced8,0x00000000fbb00000)
  from space 36352K, 37% used [0x00000000fdc80000,0x00000000fe9fc3f0,0x0000000100000000)
  to   space 34304K, 0% used [0x00000000fbb00000,0x00000000fbb00000,0x00000000fdc80000)
 ParOldGen       total 117248K, used 75388K [0x00000000a0000000, 0x00000000a7280000, 0x00000000e0000000)
  object space 117248K, 64% used [0x00000000a0000000,0x00000000a499f120,0x00000000a7280000)
 Metaspace       used 91352K, capacity 96086K, committed 96344K, reserved 1132544K
  class space    used 11638K, capacity 12650K, committed 12672K, reserved 1048576K
Event: 5123.055 GC heap after
Heap after GC invocations=25 (full 4):
 PSYoungGen      total 463360K, used 9600K [0x00000000e0000000, 0x00000000ffb00000, 0x0000000100000000)
  eden space 453632K, 0% used [0x00000000e0000000,0x00000000e0000000,0x00000000fbb00000)
  from space 9728K, 98% used [0x00000000fbb00000,0x00000000fc4603d8,0x00000000fc480000)
  to   space 32768K, 0% used [0x00000000fdb00000,0x00000000fdb00000,0x00000000ffb00000)
 ParOldGen       total 117248K, used 85053K [0x00000000a0000000, 0x00000000a7280000, 0x00000000e0000000)
  object space 117248K, 72% used [0x00000000a0000000,0x00000000a530f760,0x00000000a7280000)
 Metaspace       used 91352K, capacity 96086K, committed 96344K, reserved 1132544K
  class space    used 11638K, capacity 12650K, committed 12672K, reserved 1048576K
}

